<?xml version="1.0" encoding="UTF-8"?>
<testsuite name="com.david.gridsim.GardenerItemTest" tests="1" skipped="0" failures="0" errors="0" timestamp="2023-10-08T23:39:07" hostname="DESKTOP-QF3HRO5" time="0.395">
  <properties/>
  <testcase name="testMultipleMovements" classname="com.david.gridsim.GardenerItemTest" time="0.395"/>
  <system-out><![CDATA[]]></system-out>
  <system-err><![CDATA[]]></system-err>
</testsuite>
